<?xml version="1.0" encoding="UTF-8"?>
<!-- Generated by org.testng.reporters.JUnitReportReporter -->
<testsuite hostname="DESKTOP-E0PSR2P" failures="0" tests="1" name="com.inetBanking.testcases.TC_AddCustomerTest_003" time="19.040" errors="0" timestamp="22 Mar 2021 20:31:21 GMT" skipped="0">
  <testcase classname="com.inetBanking.testcases.TC_AddCustomerTest_003" name="addNewCustomer" time="19.040"/>
</testsuite> <!-- com.inetBanking.testcases.TC_AddCustomerTest_003 -->
