<?xml version="1.0" encoding="UTF-8"?>
<!-- Generated by org.testng.reporters.JUnitReportReporter -->
<testsuite hostname="DESKTOP-E0PSR2P" failures="0" tests="1" name="com.inetBanking.testcases.TC_CustomisedStatementTest_007" time="11.399" errors="0" timestamp="22 Mar 2021 20:27:45 GMT" skipped="0">
  <testcase classname="com.inetBanking.testcases.TC_CustomisedStatementTest_007" name="deposit" time="11.399"/>
</testsuite> <!-- com.inetBanking.testcases.TC_CustomisedStatementTest_007 -->
