<?xml version="1.0" encoding="UTF-8"?>
<!-- Generated by org.testng.reporters.JUnitReportReporter -->
<testsuite hostname="DESKTOP-E0PSR2P" failures="0" tests="1" name="com.inetBanking.testcases.TC_WithdrawalTest_005" time="9.782" errors="0" timestamp="22 Mar 2021 20:27:45 GMT" skipped="0">
  <testcase classname="com.inetBanking.testcases.TC_WithdrawalTest_005" name="withdrawal" time="9.782"/>
</testsuite> <!-- com.inetBanking.testcases.TC_WithdrawalTest_005 -->
